android/app/build/intermediates/manifest_merge_blame_file/debug/manifest-merger-blame-debug-report.txt
1<?xml version="1.0" encoding="utf-8"?>
2<manifest xmlns:android="http://schemas.android.com/apk/res/android"
3    package="com.wedeynear"
4    android:versionCode="8004"
5    android:versionName="1.7" >
6
7    <uses-sdk
8        android:minSdkVersion="21"
8-->src/main/AndroidManifest.xml
9        android:targetSdkVersion="30" />
9-->src/main/AndroidManifest.xml
10
11    <uses-permission android:name="android.permission.INTERNET" />
11-->src/main/AndroidManifest.xml:3:1-63
11-->src/main/AndroidManifest.xml:3:18-60
12    <uses-permission android:name="android.permission.ACCESS_NETWORK_STATE" />
12-->src/main/AndroidManifest.xml:4:1-75
12-->src/main/AndroidManifest.xml:4:18-72
13    <uses-permission android:name="android.permission.SYSTEM_ALERT_WINDOW" />
13-->src/main/AndroidManifest.xml:5:1-73
13-->src/main/AndroidManifest.xml:5:18-71
14    <uses-permission android:name="android.permission.ACCESS_COARSE_LOCATION" />
14-->src/main/AndroidManifest.xml:6:1-76
14-->src/main/AndroidManifest.xml:6:18-74
15    <uses-permission android:name="android.permission.ACCESS_FINE_LOCATION" />
15-->src/main/AndroidManifest.xml:7:1-74
15-->src/main/AndroidManifest.xml:7:18-72
16    <uses-permission android:name="android.permission.ACCESS_WIFI_STATE" />
16-->src/main/AndroidManifest.xml:8:1-71
16-->src/main/AndroidManifest.xml:8:18-69
17    <uses-permission android:name="android.permission.READ_PHONE_STATE" />
17-->src/main/AndroidManifest.xml:9:1-70
17-->src/main/AndroidManifest.xml:9:18-68
18    <uses-permission android:name="android.permission.CAMERA" />
18-->src/main/AndroidManifest.xml:10:1-60
18-->src/main/AndroidManifest.xml:10:18-58
19    <uses-permission android:name="android.permission.READ_EXTERNAL_STORAGE" />
19-->src/main/AndroidManifest.xml:11:1-76
19-->src/main/AndroidManifest.xml:11:18-73
20    <uses-permission android:name="android.permission.WRITE_EXTERNAL_STORAGE" />
20-->src/main/AndroidManifest.xml:12:1-77
20-->src/main/AndroidManifest.xml:12:18-74
21    <uses-permission android:name="android.permission.READ_CONTACTS" />
21-->src/main/AndroidManifest.xml:13:1-68
21-->src/main/AndroidManifest.xml:13:18-65
22    <uses-permission android:name="android.permission.READ_PROFILE" />
22-->src/main/AndroidManifest.xml:14:1-67
22-->src/main/AndroidManifest.xml:14:18-64
23    <uses-permission android:name="android.permission.VIBRATE" />
23-->src/main/AndroidManifest.xml:15:5-66
23-->src/main/AndroidManifest.xml:15:22-63
24    <uses-permission android:name="android.permission.RECEIVE_BOOT_COMPLETED" />
24-->src/main/AndroidManifest.xml:16:5-80
24-->src/main/AndroidManifest.xml:16:22-78
25    <uses-permission android:name="android.permission.WAKE_LOCK" />
25-->[:@react-native-firebase_messaging] AndroidManifest.xml:10:5-68
25-->[:@react-native-firebase_messaging] AndroidManifest.xml:10:22-65
26    <uses-permission android:name="android.permission.USE_BIOMETRIC" />
26-->[:react-native-biometrics] AndroidManifest.xml:9:5-72
26-->[:react-native-biometrics] AndroidManifest.xml:9:22-69
27    <uses-permission android:name="android.permission.USE_FINGERPRINT" />
27-->[:react-native-biometrics] AndroidManifest.xml:10:5-74
27-->[:react-native-biometrics] AndroidManifest.xml:10:22-71
28
29    <queries>
29-->[:react-native-image-crop-picker] AndroidManifest.xml:9:5-13:15
30        <intent>
30-->[:react-native-image-crop-picker] AndroidManifest.xml:10:9-12:18
31            <action android:name="android.media.action.IMAGE_CAPTURE" />
31-->[:react-native-image-crop-picker] AndroidManifest.xml:11:13-73
31-->[:react-native-image-crop-picker] AndroidManifest.xml:11:21-70
32        </intent>
33    </queries> <!-- Required to access Google Play Licensing -->
34    <uses-permission android:name="com.android.vending.CHECK_LICENSE" />
34-->[:rn-fetch-blob] AndroidManifest.xml:10:5-73
34-->[:rn-fetch-blob] AndroidManifest.xml:10:22-70
35
36    <uses-feature
36-->[:react-native-camera] AndroidManifest.xml:11:5-13:36
37        android:name="android.hardware.camera"
37-->[:react-native-camera] AndroidManifest.xml:12:9-47
38        android:required="false" />
38-->[:react-native-camera] AndroidManifest.xml:13:9-33
39    <uses-feature
39-->[:react-native-camera] AndroidManifest.xml:14:5-16:36
40        android:name="android.hardware.camera.autofocus"
40-->[:react-native-camera] AndroidManifest.xml:15:9-57
41        android:required="false" />
41-->[:react-native-camera] AndroidManifest.xml:16:9-33
42
43    <uses-permission android:name="android.permission.FOREGROUND_SERVICE" /> <!-- Required by older versions of Google Play services to create IID tokens -->
43-->[net.gotev:uploadservice:4.7.0] AndroidManifest.xml:10:5-77
43-->[net.gotev:uploadservice:4.7.0] AndroidManifest.xml:10:22-74
44    <uses-permission android:name="com.google.android.c2dm.permission.RECEIVE" />
44-->[com.google.android.gms:play-services-iid:17.0.0] AndroidManifest.xml:23:5-82
44-->[com.google.android.gms:play-services-iid:17.0.0] AndroidManifest.xml:23:22-79
45
46    <uses-feature
46-->[com.google.android.gms:play-services-maps:17.0.0] AndroidManifest.xml:26:5-28:35
47        android:glEsVersion="0x00020000"
47-->[com.google.android.gms:play-services-maps:17.0.0] AndroidManifest.xml:27:9-41
48        android:required="true" /> <!-- for android -->
48-->[com.google.android.gms:play-services-maps:17.0.0] AndroidManifest.xml:28:9-32
49    <!-- <uses-permission android:name="com.android.launcher.permission.READ_SETTINGS"/> -->
50    <!-- <uses-permission android:name="com.android.launcher.permission.WRITE_SETTINGS"/> -->
51    <!-- <uses-permission android:name="com.android.launcher.permission.INSTALL_SHORTCUT" /> -->
52    <!-- <uses-permission android:name="com.android.launcher.permission.UNINSTALL_SHORTCUT" /> -->
53    <!-- for Samsung -->
54    <uses-permission android:name="com.sec.android.provider.badge.permission.READ" />
54-->[me.leolin:ShortcutBadger:1.1.22] AndroidManifest.xml:19:5-86
54-->[me.leolin:ShortcutBadger:1.1.22] AndroidManifest.xml:19:22-83
55    <uses-permission android:name="com.sec.android.provider.badge.permission.WRITE" /> <!-- for htc -->
55-->[me.leolin:ShortcutBadger:1.1.22] AndroidManifest.xml:20:5-87
55-->[me.leolin:ShortcutBadger:1.1.22] AndroidManifest.xml:20:22-84
56    <uses-permission android:name="com.htc.launcher.permission.READ_SETTINGS" />
56-->[me.leolin:ShortcutBadger:1.1.22] AndroidManifest.xml:23:5-81
56-->[me.leolin:ShortcutBadger:1.1.22] AndroidManifest.xml:23:22-78
57    <uses-permission android:name="com.htc.launcher.permission.UPDATE_SHORTCUT" /> <!-- for sony -->
57-->[me.leolin:ShortcutBadger:1.1.22] AndroidManifest.xml:24:5-83
57-->[me.leolin:ShortcutBadger:1.1.22] AndroidManifest.xml:24:22-80
58    <uses-permission android:name="com.sonyericsson.home.permission.BROADCAST_BADGE" />
58-->[me.leolin:ShortcutBadger:1.1.22] AndroidManifest.xml:27:5-88
58-->[me.leolin:ShortcutBadger:1.1.22] AndroidManifest.xml:27:22-85
59    <uses-permission android:name="com.sonymobile.home.permission.PROVIDER_INSERT_BADGE" /> <!-- for apex -->
59-->[me.leolin:ShortcutBadger:1.1.22] AndroidManifest.xml:28:5-92
59-->[me.leolin:ShortcutBadger:1.1.22] AndroidManifest.xml:28:22-89
60    <uses-permission android:name="com.anddoes.launcher.permission.UPDATE_COUNT" /> <!-- for solid -->
60-->[me.leolin:ShortcutBadger:1.1.22] AndroidManifest.xml:31:5-84
60-->[me.leolin:ShortcutBadger:1.1.22] AndroidManifest.xml:31:22-81
61    <uses-permission android:name="com.majeur.launcher.permission.UPDATE_BADGE" /> <!-- for huawei -->
61-->[me.leolin:ShortcutBadger:1.1.22] AndroidManifest.xml:34:5-83
61-->[me.leolin:ShortcutBadger:1.1.22] AndroidManifest.xml:34:22-80
62    <uses-permission android:name="com.huawei.android.launcher.permission.CHANGE_BADGE" />
62-->[me.leolin:ShortcutBadger:1.1.22] AndroidManifest.xml:37:5-91
62-->[me.leolin:ShortcutBadger:1.1.22] AndroidManifest.xml:37:22-88
63    <uses-permission android:name="com.huawei.android.launcher.permission.READ_SETTINGS" />
63-->[me.leolin:ShortcutBadger:1.1.22] AndroidManifest.xml:38:5-92
63-->[me.leolin:ShortcutBadger:1.1.22] AndroidManifest.xml:38:22-89
64    <uses-permission android:name="com.huawei.android.launcher.permission.WRITE_SETTINGS" /> <!-- for ZUK -->
64-->[me.leolin:ShortcutBadger:1.1.22] AndroidManifest.xml:39:5-93
64-->[me.leolin:ShortcutBadger:1.1.22] AndroidManifest.xml:39:22-90
65    <uses-permission android:name="android.permission.READ_APP_BADGE" /> <!-- for OPPO -->
65-->[me.leolin:ShortcutBadger:1.1.22] AndroidManifest.xml:42:5-73
65-->[me.leolin:ShortcutBadger:1.1.22] AndroidManifest.xml:42:22-70
66    <uses-permission android:name="com.oppo.launcher.permission.READ_SETTINGS" />
66-->[me.leolin:ShortcutBadger:1.1.22] AndroidManifest.xml:45:5-82
66-->[me.leolin:ShortcutBadger:1.1.22] AndroidManifest.xml:45:22-79
67    <uses-permission android:name="com.oppo.launcher.permission.WRITE_SETTINGS" /> <!-- for EvMe -->
67-->[me.leolin:ShortcutBadger:1.1.22] AndroidManifest.xml:46:5-83
67-->[me.leolin:ShortcutBadger:1.1.22] AndroidManifest.xml:46:22-80
68    <uses-permission android:name="me.everything.badger.permission.BADGE_COUNT_READ" />
68-->[me.leolin:ShortcutBadger:1.1.22] AndroidManifest.xml:49:5-88
68-->[me.leolin:ShortcutBadger:1.1.22] AndroidManifest.xml:49:22-85
69    <uses-permission android:name="me.everything.badger.permission.BADGE_COUNT_WRITE" />
69-->[me.leolin:ShortcutBadger:1.1.22] AndroidManifest.xml:50:5-89
69-->[me.leolin:ShortcutBadger:1.1.22] AndroidManifest.xml:50:22-86
70    <uses-permission android:name="com.google.android.finsky.permission.BIND_GET_INSTALL_REFERRER_SERVICE" />
70-->[com.android.installreferrer:installreferrer:1.1.2] AndroidManifest.xml:9:5-110
70-->[com.android.installreferrer:installreferrer:1.1.2] AndroidManifest.xml:9:22-107
71
72    <application
72-->src/main/AndroidManifest.xml:17:5-74:19
73        android:name="com.wedeynear.MainApplication"
73-->src/main/AndroidManifest.xml:18:7-38
74        android:allowBackup="false"
74-->src/main/AndroidManifest.xml:21:7-34
75        android:appComponentFactory="androidx.core.app.CoreComponentFactory"
75-->[androidx.core:core:1.6.0] AndroidManifest.xml:24:18-86
76        android:debuggable="true"
77        android:grantUriPermissions="true"
77-->src/main/AndroidManifest.xml:24:7-41
78        android:icon="@mipmap/ic_launcher"
78-->src/main/AndroidManifest.xml:20:7-41
79        android:label="@string/app_name"
79-->src/main/AndroidManifest.xml:19:7-39
80        android:supportsRtl="true"
80-->src/main/AndroidManifest.xml:25:7-33
81        android:theme="@style/AppTheme"
81-->src/main/AndroidManifest.xml:22:7-38
82        android:usesCleartextTraffic="true" >
82-->src/main/AndroidManifest.xml:23:7-42
83        <activity
83-->src/main/AndroidManifest.xml:27:7-38:18
84            android:name="com.wedeynear.MainActivity"
84-->src/main/AndroidManifest.xml:29:9-37
85            android:configChanges="keyboard|keyboardHidden|orientation|screenSize|uiMode"
85-->src/main/AndroidManifest.xml:31:9-86
86            android:label="@string/app_name"
86-->src/main/AndroidManifest.xml:30:9-41
87            android:launchMode="singleTask"
87-->src/main/AndroidManifest.xml:32:9-40
88            android:screenOrientation="portrait"
88-->src/main/AndroidManifest.xml:28:9-45
89            android:windowSoftInputMode="adjustResize" >
89-->src/main/AndroidManifest.xml:33:9-51
90            <intent-filter>
90-->src/main/AndroidManifest.xml:34:9-37:25
91                <action android:name="android.intent.action.MAIN" />
91-->src/main/AndroidManifest.xml:35:13-65
91-->src/main/AndroidManifest.xml:35:21-62
92
93                <category android:name="android.intent.category.LAUNCHER" />
93-->src/main/AndroidManifest.xml:36:13-73
93-->src/main/AndroidManifest.xml:36:23-70
94            </intent-filter>
95        </activity>
96
97        <meta-data
97-->src/main/AndroidManifest.xml:39:9-40:43
98            android:name="com.dieam.reactnativepushnotification.notification_foreground"
98-->src/main/AndroidManifest.xml:39:21-97
99            android:value="true" />
99-->src/main/AndroidManifest.xml:40:21-41
100        <!-- Change the resource name to your App's accent color - or any other color you want -->
101        <meta-data
101-->src/main/AndroidManifest.xml:42:9-43:54
102            android:name="com.dieam.reactnativepushnotification.notification_color"
102-->src/main/AndroidManifest.xml:42:21-92
103            android:resource="@color/white" /> <!-- or @android:color/{name} to use a standard color -->
103-->src/main/AndroidManifest.xml:43:21-52
104
105        <receiver android:name="com.dieam.reactnativepushnotification.modules.RNPushNotificationActions" />
105-->src/main/AndroidManifest.xml:45:9-108
105-->src/main/AndroidManifest.xml:45:19-105
106        <receiver android:name="com.dieam.reactnativepushnotification.modules.RNPushNotificationPublisher" />
106-->src/main/AndroidManifest.xml:46:9-110
106-->src/main/AndroidManifest.xml:46:19-107
107        <receiver android:name="com.dieam.reactnativepushnotification.modules.RNPushNotificationBootEventReceiver" >
107-->src/main/AndroidManifest.xml:47:9-53:20
107-->src/main/AndroidManifest.xml:47:19-115
108            <intent-filter>
108-->src/main/AndroidManifest.xml:48:13-52:29
109                <action android:name="android.intent.action.BOOT_COMPLETED" />
109-->src/main/AndroidManifest.xml:49:17-79
109-->src/main/AndroidManifest.xml:49:25-76
110                <action android:name="android.intent.action.QUICKBOOT_POWERON" />
110-->src/main/AndroidManifest.xml:50:17-82
110-->src/main/AndroidManifest.xml:50:25-79
111                <action android:name="com.htc.intent.action.QUICKBOOT_POWERON" />
111-->src/main/AndroidManifest.xml:51:17-81
111-->src/main/AndroidManifest.xml:51:25-79
112            </intent-filter>
113        </receiver>
114
115        <meta-data
115-->src/main/AndroidManifest.xml:54:3-56:63
116            android:name="com.google.android.geo.API_KEY"
116-->src/main/AndroidManifest.xml:55:6-51
117            android:value="AIzaSyD9l_dK7T-zV40LYZrmsoFTcsyfQ_em18g" />
117-->src/main/AndroidManifest.xml:56:6-61
118
119        <service
119-->src/main/AndroidManifest.xml:57:9-63:19
120            android:name="com.dieam.reactnativepushnotification.modules.RNPushNotificationListenerService"
120-->src/main/AndroidManifest.xml:58:13-107
121            android:exported="false" >
121-->src/main/AndroidManifest.xml:59:13-37
122            <intent-filter>
122-->src/main/AndroidManifest.xml:60:13-62:29
123                <action android:name="com.google.firebase.MESSAGING_EVENT" />
123-->src/main/AndroidManifest.xml:61:17-78
123-->src/main/AndroidManifest.xml:61:25-75
124            </intent-filter>
125        </service>
126
127        <provider
127-->src/main/AndroidManifest.xml:64:9-73:13
128            android:name="com.vinzscam.reactnativefileviewer.FileProvider"
128-->src/main/AndroidManifest.xml:65:3-65
129            android:authorities="com.wedeynear.provider"
129-->src/main/AndroidManifest.xml:66:3-47
130            android:exported="false"
130-->src/main/AndroidManifest.xml:67:3-27
131            android:grantUriPermissions="true" >
131-->src/main/AndroidManifest.xml:68:3-37
132            <meta-data
132-->src/main/AndroidManifest.xml:69:3-72:5
133                android:name="android.support.FILE_PROVIDER_PATHS"
133-->src/main/AndroidManifest.xml:70:4-54
134                android:resource="@xml/file_viewer_provider_paths" />
134-->src/main/AndroidManifest.xml:71:4-54
135        </provider>
136
137        <service android:name="io.invertase.firebase.messaging.ReactNativeFirebaseMessagingHeadlessService" />
137-->[:@react-native-firebase_messaging] AndroidManifest.xml:14:9-111
137-->[:@react-native-firebase_messaging] AndroidManifest.xml:14:18-108
138        <service
138-->[:@react-native-firebase_messaging] AndroidManifest.xml:15:9-21:19
139            android:name="io.invertase.firebase.messaging.ReactNativeFirebaseMessagingService"
139-->[:@react-native-firebase_messaging] AndroidManifest.xml:16:13-95
140            android:exported="false" >
140-->[:@react-native-firebase_messaging] AndroidManifest.xml:17:13-37
141            <intent-filter>
141-->src/main/AndroidManifest.xml:60:13-62:29
142                <action android:name="com.google.firebase.MESSAGING_EVENT" />
142-->src/main/AndroidManifest.xml:61:17-78
142-->src/main/AndroidManifest.xml:61:25-75
143            </intent-filter>
144        </service>
145
146        <receiver
146-->[:@react-native-firebase_messaging] AndroidManifest.xml:23:9-30:20
147            android:name="io.invertase.firebase.messaging.ReactNativeFirebaseMessagingReceiver"
147-->[:@react-native-firebase_messaging] AndroidManifest.xml:24:13-96
148            android:exported="true"
148-->[:@react-native-firebase_messaging] AndroidManifest.xml:25:13-36
149            android:permission="com.google.android.c2dm.permission.SEND" >
149-->[:@react-native-firebase_messaging] AndroidManifest.xml:26:13-73
150            <intent-filter>
150-->[:@react-native-firebase_messaging] AndroidManifest.xml:27:13-29:29
151                <action android:name="com.google.android.c2dm.intent.RECEIVE" />
151-->[:@react-native-firebase_messaging] AndroidManifest.xml:28:17-81
151-->[:@react-native-firebase_messaging] AndroidManifest.xml:28:25-78
152            </intent-filter>
153        </receiver>
154
155        <meta-data
155-->[:@react-native-firebase_messaging] AndroidManifest.xml:32:9-34:36
156            android:name="firebase_messaging_auto_init_enabled"
156-->[:@react-native-firebase_messaging] AndroidManifest.xml:33:13-64
157            android:value="true" />
157-->[:@react-native-firebase_messaging] AndroidManifest.xml:34:13-33
158        <meta-data
158-->[:@react-native-firebase_messaging] AndroidManifest.xml:35:9-37:32
159            android:name="com.google.firebase.messaging.default_notification_channel_id"
159-->[:@react-native-firebase_messaging] AndroidManifest.xml:36:13-89
160            android:value="" />
160-->[:@react-native-firebase_messaging] AndroidManifest.xml:37:13-29
161        <meta-data
161-->[:@react-native-firebase_messaging] AndroidManifest.xml:38:9-40:47
162            android:name="com.google.firebase.messaging.default_notification_color"
162-->[:@react-native-firebase_messaging] AndroidManifest.xml:39:13-84
163            android:resource="@color/white" />
163-->[:@react-native-firebase_messaging] AndroidManifest.xml:40:13-44
164        <meta-data
164-->[:@react-native-firebase_app] AndroidManifest.xml:10:9-12:36
165            android:name="app_data_collection_default_enabled"
165-->[:@react-native-firebase_app] AndroidManifest.xml:11:13-63
166            android:value="true" />
166-->[:@react-native-firebase_app] AndroidManifest.xml:12:13-33
167
168        <service
168-->[:@react-native-firebase_app] AndroidManifest.xml:14:9-18:19
169            android:name="com.google.firebase.components.ComponentDiscoveryService"
169-->[:@react-native-firebase_app] AndroidManifest.xml:14:18-89
170            android:directBootAware="true"
170-->[com.google.firebase:firebase-common:20.0.0] AndroidManifest.xml:35:13-43
171            android:exported="false" >
171-->[com.google.firebase:firebase-auth:21.0.1] AndroidManifest.xml:76:13-37
172            <meta-data
172-->[:@react-native-firebase_app] AndroidManifest.xml:15:13-17:85
173                android:name="com.google.firebase.components:io.invertase.firebase.app.ReactNativeFirebaseAppRegistrar"
173-->[:@react-native-firebase_app] AndroidManifest.xml:16:17-120
174                android:value="com.google.firebase.components.ComponentRegistrar" />
174-->[:@react-native-firebase_app] AndroidManifest.xml:17:17-82
175            <meta-data
175-->[com.google.firebase:firebase-auth:21.0.1] AndroidManifest.xml:77:13-79:85
176                android:name="com.google.firebase.components:com.google.firebase.auth.FirebaseAuthRegistrar"
176-->[com.google.firebase:firebase-auth:21.0.1] AndroidManifest.xml:78:17-109
177                android:value="com.google.firebase.components.ComponentRegistrar" />
177-->[com.google.firebase:firebase-auth:21.0.1] AndroidManifest.xml:79:17-82
178            <meta-data
178-->[com.google.firebase:firebase-messaging:23.0.0] AndroidManifest.xml:52:13-54:85
179                android:name="com.google.firebase.components:com.google.firebase.messaging.FirebaseMessagingRegistrar"
179-->[com.google.firebase:firebase-messaging:23.0.0] AndroidManifest.xml:53:17-119
180                android:value="com.google.firebase.components.ComponentRegistrar" />
180-->[com.google.firebase:firebase-messaging:23.0.0] AndroidManifest.xml:54:17-82
181            <meta-data
181-->[com.google.firebase:firebase-storage:20.0.0] AndroidManifest.xml:33:13-35:85
182                android:name="com.google.firebase.components:com.google.firebase.storage.StorageRegistrar"
182-->[com.google.firebase:firebase-storage:20.0.0] AndroidManifest.xml:34:17-107
183                android:value="com.google.firebase.components.ComponentRegistrar" />
183-->[com.google.firebase:firebase-storage:20.0.0] AndroidManifest.xml:35:17-82
184            <meta-data
184-->[com.google.firebase:firebase-datatransport:18.0.0] AndroidManifest.xml:28:13-30:85
185                android:name="com.google.firebase.components:com.google.firebase.datatransport.TransportRegistrar"
185-->[com.google.firebase:firebase-datatransport:18.0.0] AndroidManifest.xml:29:17-115
186                android:value="com.google.firebase.components.ComponentRegistrar" />
186-->[com.google.firebase:firebase-datatransport:18.0.0] AndroidManifest.xml:30:17-82
187            <meta-data
187-->[com.google.firebase:firebase-installations:17.0.0] AndroidManifest.xml:18:13-20:85
188                android:name="com.google.firebase.components:com.google.firebase.installations.FirebaseInstallationsRegistrar"
188-->[com.google.firebase:firebase-installations:17.0.0] AndroidManifest.xml:19:17-127
189                android:value="com.google.firebase.components.ComponentRegistrar" />
189-->[com.google.firebase:firebase-installations:17.0.0] AndroidManifest.xml:20:17-82
190        </service>
191
192        <provider
192-->[:@react-native-firebase_app] AndroidManifest.xml:20:9-24:38
193            android:name="io.invertase.firebase.app.ReactNativeFirebaseAppInitProvider"
193-->[:@react-native-firebase_app] AndroidManifest.xml:21:13-88
194            android:authorities="com.wedeynear.reactnativefirebaseappinitprovider"
194-->[:@react-native-firebase_app] AndroidManifest.xml:22:13-86
195            android:exported="false"
195-->[:@react-native-firebase_app] AndroidManifest.xml:23:13-37
196            android:initOrder="99" />
196-->[:@react-native-firebase_app] AndroidManifest.xml:24:13-35
197        <provider
197-->[:react-native-image-crop-picker] AndroidManifest.xml:18:9-26:20
198            android:name="androidx.core.content.FileProvider"
198-->[:react-native-image-crop-picker] AndroidManifest.xml:19:13-62
199            android:authorities="com.wedeynear.provider"
199-->[:react-native-image-crop-picker] AndroidManifest.xml:20:13-60
200            android:exported="false"
200-->[:react-native-image-crop-picker] AndroidManifest.xml:21:13-37
201            android:grantUriPermissions="true" >
201-->[:react-native-image-crop-picker] AndroidManifest.xml:22:13-47
202            <meta-data
202-->src/main/AndroidManifest.xml:69:3-72:5
203                android:name="android.support.FILE_PROVIDER_PATHS"
203-->src/main/AndroidManifest.xml:70:4-54
204                android:resource="@xml/provider_paths" />
204-->src/main/AndroidManifest.xml:71:4-54
205        </provider>
206
207        <activity
207-->[:react-native-image-crop-picker] AndroidManifest.xml:28:9-30:72
208            android:name="com.yalantis.ucrop.UCropActivity"
208-->[:react-native-image-crop-picker] AndroidManifest.xml:29:13-60
209            android:theme="@style/Theme.AppCompat.Light.NoActionBar" />
209-->[:react-native-image-crop-picker] AndroidManifest.xml:30:13-69
210
211        <provider
211-->[:react-native-image-picker] AndroidManifest.xml:10:9-18:20
212            android:name="com.imagepicker.ImagePickerProvider"
212-->[:react-native-image-picker] AndroidManifest.xml:11:13-63
213            android:authorities="com.wedeynear.imagepickerprovider"
213-->[:react-native-image-picker] AndroidManifest.xml:12:13-71
214            android:exported="false"
214-->[:react-native-image-picker] AndroidManifest.xml:13:13-37
215            android:grantUriPermissions="true" >
215-->[:react-native-image-picker] AndroidManifest.xml:14:13-47
216            <meta-data
216-->src/main/AndroidManifest.xml:69:3-72:5
217                android:name="android.support.FILE_PROVIDER_PATHS"
217-->src/main/AndroidManifest.xml:70:4-54
218                android:resource="@xml/imagepicker_provider_paths" />
218-->src/main/AndroidManifest.xml:71:4-54
219        </provider>
220        <provider
220-->[:react-native-webview] AndroidManifest.xml:10:9-18:20
221            android:name="com.reactnativecommunity.webview.RNCWebViewFileProvider"
221-->[:react-native-webview] AndroidManifest.xml:11:13-83
222            android:authorities="com.wedeynear.fileprovider"
222-->[:react-native-webview] AndroidManifest.xml:12:13-64
223            android:exported="false"
223-->[:react-native-webview] AndroidManifest.xml:13:13-37
224            android:grantUriPermissions="true" >
224-->[:react-native-webview] AndroidManifest.xml:14:13-47
225            <meta-data
225-->src/main/AndroidManifest.xml:69:3-72:5
226                android:name="android.support.FILE_PROVIDER_PATHS"
226-->src/main/AndroidManifest.xml:70:4-54
227                android:resource="@xml/file_provider_paths" />
227-->src/main/AndroidManifest.xml:71:4-54
228        </provider>
229        <provider
229-->[:rn-fetch-blob] AndroidManifest.xml:34:9-42:20
230            android:name="com.RNFetchBlob.Utils.FileProvider"
230-->[:rn-fetch-blob] AndroidManifest.xml:35:13-62
231            android:authorities="com.wedeynear.provider"
231-->[:rn-fetch-blob] AndroidManifest.xml:36:13-60
232            android:exported="false"
232-->[:rn-fetch-blob] AndroidManifest.xml:37:13-37
233            android:grantUriPermissions="true" >
233-->[:rn-fetch-blob] AndroidManifest.xml:38:13-47
234            <meta-data
234-->src/main/AndroidManifest.xml:69:3-72:5
235                android:name="android.support.FILE_PROVIDER_PATHS"
235-->src/main/AndroidManifest.xml:70:4-54
236                android:resource="@xml/provider_paths" />
236-->src/main/AndroidManifest.xml:71:4-54
237        </provider>
238
239        <activity
239-->[com.google.firebase:firebase-auth:21.0.1] AndroidManifest.xml:27:9-44:20
240            android:name="com.google.firebase.auth.internal.GenericIdpActivity"
240-->[com.google.firebase:firebase-auth:21.0.1] AndroidManifest.xml:28:13-80
241            android:excludeFromRecents="true"
241-->[com.google.firebase:firebase-auth:21.0.1] AndroidManifest.xml:29:13-46
242            android:exported="true"
242-->[com.google.firebase:firebase-auth:21.0.1] AndroidManifest.xml:30:13-36
243            android:launchMode="singleTask"
243-->[com.google.firebase:firebase-auth:21.0.1] AndroidManifest.xml:31:13-44
244            android:theme="@android:style/Theme.Translucent.NoTitleBar" >
244-->[com.google.firebase:firebase-auth:21.0.1] AndroidManifest.xml:32:13-72
245            <intent-filter>
245-->[com.google.firebase:firebase-auth:21.0.1] AndroidManifest.xml:33:13-43:29
246                <action android:name="android.intent.action.VIEW" />
246-->[com.google.firebase:firebase-auth:21.0.1] AndroidManifest.xml:34:17-69
246-->[com.google.firebase:firebase-auth:21.0.1] AndroidManifest.xml:34:25-66
247
248                <category android:name="android.intent.category.DEFAULT" />
248-->[com.google.firebase:firebase-auth:21.0.1] AndroidManifest.xml:36:17-76
248-->[com.google.firebase:firebase-auth:21.0.1] AndroidManifest.xml:36:27-73
249                <category android:name="android.intent.category.BROWSABLE" />
249-->[com.google.firebase:firebase-auth:21.0.1] AndroidManifest.xml:37:17-78
249-->[com.google.firebase:firebase-auth:21.0.1] AndroidManifest.xml:37:27-75
250
251                <data
251-->[com.google.firebase:firebase-auth:21.0.1] AndroidManifest.xml:39:17-42:51
252                    android:host="firebase.auth"
252-->[com.google.firebase:firebase-auth:21.0.1] AndroidManifest.xml:40:21-49
253                    android:path="/"
253-->[com.google.firebase:firebase-auth:21.0.1] AndroidManifest.xml:41:21-37
254                    android:scheme="genericidp" />
254-->[com.google.firebase:firebase-auth:21.0.1] AndroidManifest.xml:42:21-48
255            </intent-filter>
256        </activity>
257        <activity
257-->[com.google.firebase:firebase-auth:21.0.1] AndroidManifest.xml:45:9-62:20
258            android:name="com.google.firebase.auth.internal.RecaptchaActivity"
258-->[com.google.firebase:firebase-auth:21.0.1] AndroidManifest.xml:46:13-79
259            android:excludeFromRecents="true"
259-->[com.google.firebase:firebase-auth:21.0.1] AndroidManifest.xml:47:13-46
260            android:exported="true"
260-->[com.google.firebase:firebase-auth:21.0.1] AndroidManifest.xml:48:13-36
261            android:launchMode="singleTask"
261-->[com.google.firebase:firebase-auth:21.0.1] AndroidManifest.xml:49:13-44
262            android:theme="@android:style/Theme.Translucent.NoTitleBar" >
262-->[com.google.firebase:firebase-auth:21.0.1] AndroidManifest.xml:50:13-72
263            <intent-filter>
263-->[com.google.firebase:firebase-auth:21.0.1] AndroidManifest.xml:51:13-61:29
264                <action android:name="android.intent.action.VIEW" />
264-->[com.google.firebase:firebase-auth:21.0.1] AndroidManifest.xml:34:17-69
264-->[com.google.firebase:firebase-auth:21.0.1] AndroidManifest.xml:34:25-66
265
266                <category android:name="android.intent.category.DEFAULT" />